\BOOKMARK [0][]{chapter*.7}{INTRODUCTION}{}% 1
\BOOKMARK [0][]{chapter.14}{Chapter 1 Quadcopter Model}{}% 2
\BOOKMARK [1][]{section.16}{Dynamic Model}{chapter.14}% 3
\BOOKMARK [1][]{section.27}{Differential Flatness of the quadcopter system}{chapter.14}% 4
\BOOKMARK [1][]{section.28}{Differential Flatness Definitions}{chapter.14}% 5
\BOOKMARK [2][-]{subsection.33}{Example}{section.28}% 6
\BOOKMARK [2][-]{subsection.41}{In the context of the quadcopter system}{section.28}% 7
\BOOKMARK [1][]{section.51}{Parameter Identification}{chapter.14}% 8
\BOOKMARK [0][]{chapter.62}{Chapter 2 Observer based Controller Tracking}{}% 9
\BOOKMARK [1][]{section.63}{Estimation Objective}{chapter.62}% 10
\BOOKMARK [1][]{section.65}{Nonlinear Disturbance Observer}{chapter.62}% 11
\BOOKMARK [1][]{section.70}{Supertwisting Observer}{chapter.62}% 12
\BOOKMARK [1][]{section.78}{Position and Attitude Control}{chapter.62}% 13
\BOOKMARK [0][]{chapter.84}{Chapter 3 Kernel Disturbance Observer}{}% 14
\BOOKMARK [1][]{section.96}{Moving Window Regime and Local Surrogate Model}{chapter.84}% 15
\BOOKMARK [1][]{section.98}{Parameter Estimation of Local Surrogate Model}{chapter.84}% 16
\BOOKMARK [2][-]{subsection.99}{Dynamic Ridge Regression}{section.98}% 17
\BOOKMARK [2][-]{subsection.101}{Practical identifiability and parameter estimation using double-sided kernel}{section.98}% 18
\BOOKMARK [1][]{section.108}{Full State Estimation and Disturbance Observer}{chapter.84}% 19
\BOOKMARK [2][-]{subsection.109}{Double Sided Kernel RN120}{section.108}% 20
\BOOKMARK [2][-]{subsection.114}{Observing the Disturbances}{section.108}% 21
\BOOKMARK [1][]{section.116}{Stochastic properties of white noise under Kernel Transformation}{chapter.84}% 22
\BOOKMARK [1][]{section.134}{Example}{chapter.84}% 23
\BOOKMARK [2][-]{subsection.139}{Parameter Estimation}{section.134}% 24
\BOOKMARK [2][-]{subsection.142}{State Estimation}{section.134}% 25
\BOOKMARK [0][]{chapter.148}{Chapter 4 Simulation Testing of Observer Based Tracking Control}{}% 26
\BOOKMARK [1][]{section.149}{Simulation Results}{chapter.148}% 27
\BOOKMARK [2][-]{subsection.154}{Disturbance Model: Chaotic 1}{section.149}% 28
\BOOKMARK [2][-]{subsection.184}{Disturbance Model: Chaotic 2}{section.149}% 29
\BOOKMARK [2][-]{subsection.196}{Disturbance Model: Linear}{section.149}% 30
\BOOKMARK [2][-]{subsection.199}{Disturbance Model: Constant}{section.149}% 31
\BOOKMARK [0][]{chapter.202}{Chapter 5 Experimental Validation of Observer Based Tracking Control}{}% 32
\BOOKMARK [1][]{section.203}{Custom Quadcopter setup with Kinect based localization}{chapter.202}% 33
\BOOKMARK [1][]{section.208}{Computational Implementation}{chapter.202}% 34
\BOOKMARK [1][]{section.223}{Experimental Validation without Disturbances}{chapter.202}% 35
\BOOKMARK [2][-]{subsection.224}{Non-Linear Disturbance Observer Results}{section.223}% 36
\BOOKMARK [2][-]{subsection.233}{Super-Twisting Observer}{section.223}% 37
\BOOKMARK [2][-]{subsection.242}{Kernel Disturbance Observer}{section.223}% 38
\BOOKMARK [1][]{section.250}{Experimental Validation with External Disturbances}{chapter.202}% 39
\BOOKMARK [2][-]{subsection.252}{Non-Linear Disturbance Observer Results}{section.250}% 40
\BOOKMARK [2][-]{subsection.257}{Super-Twisting Observer}{section.250}% 41
\BOOKMARK [2][-]{subsection.264}{Kernel Disturbance Observer}{section.250}% 42
\BOOKMARK [1][]{section.271}{Summary}{chapter.202}% 43
\BOOKMARK [0][]{chapter*.275}{CONCLUSION AND RECOMMENDATIONS}{}% 44
\BOOKMARK [0][]{chapter.276}{Appendix I Appendix example}{}% 45
\BOOKMARK [0][]{equation.328}{BIBLIOGRAPHY}{}% 46
